<?xml version="1.0" encoding="UTF-8"?>
<!-- Generated by org.testng.reporters.JUnitReportReporter -->
<testsuite ignored="0" hostname="etgbhaskar" failures="0" tests="1" name="com.eliasnogueira.wdm.SendSchedulePayments" time="6.448" errors="0" timestamp="07 Apr 2021 10:53:57 GMT" skipped="0">
  <testcase classname="com.eliasnogueira.wdm.SendSchedulePayments" name="checkDescription" time="6.448"/>
</testsuite> <!-- com.eliasnogueira.wdm.SendSchedulePayments -->
