<?xml version="1.0" encoding="UTF-8"?>
<!-- Generated by org.testng.reporters.JUnitReportReporter -->
<testsuite ignored="0" hostname="etgbhaskar" failures="0" tests="1" name="com.eliasnogueira.wdm.GithubWDMPageTest" time="1.415" errors="0" timestamp="26 Mar 2021 09:55:00 GMT" skipped="0">
  <testcase classname="com.eliasnogueira.wdm.GithubWDMPageTest" name="checkDescription" time="1.415"/>
</testsuite> <!-- com.eliasnogueira.wdm.GithubWDMPageTest -->
