<?xml version="1.0" encoding="UTF-8"?>
<!-- Generated by org.testng.reporters.JUnitReportReporter -->
<testsuite ignored="0" hostname="etgbhaskar" failures="0" tests="1" name="com.eliasnogueira.wdm.SendSchedulePayments" time="18.709" errors="0" timestamp="07 Apr 2021 12:27:50 GMT" skipped="0">
  <testcase classname="com.eliasnogueira.wdm.SendSchedulePayments" name="checkDescription" time="18.709"/>
</testsuite> <!-- com.eliasnogueira.wdm.SendSchedulePayments -->
