<?xml version="1.0" encoding="UTF-8"?>
<!-- Generated by org.testng.reporters.JUnitReportReporter -->
<testsuite ignored="0" hostname="etgbhaskar" failures="0" tests="1" name="com.eliasnogueira.wdm.InvoicePDF" time="12.907" errors="0" timestamp="07 Apr 2021 10:54:36 GMT" skipped="0">
  <testcase classname="com.eliasnogueira.wdm.InvoicePDF" name="checkDescription" time="12.907"/>
</testsuite> <!-- com.eliasnogueira.wdm.InvoicePDF -->
