<?xml version="1.0" encoding="UTF-8"?>
<!-- Generated by org.testng.reporters.JUnitReportReporter -->
<testsuite ignored="0" hostname="etgbhaskar" failures="0" tests="1" name="com.eliasnogueira.wdm.InvoicePDF" time="14.901" errors="0" timestamp="07 Apr 2021 11:28:33 GMT" skipped="0">
  <testcase classname="com.eliasnogueira.wdm.InvoicePDF" name="checkDescription" time="14.901"/>
</testsuite> <!-- com.eliasnogueira.wdm.InvoicePDF -->
