<?xml version="1.0" encoding="UTF-8"?>
<!-- Generated by org.testng.reporters.JUnitReportReporter -->
<testsuite ignored="0" hostname="etgbhaskar" failures="0" tests="1" name="com.eliasnogueira.wdm.GithubWDMPageTest2" time="6.603" errors="0" timestamp="26 Mar 2021 09:55:00 GMT" skipped="0">
  <testcase classname="com.eliasnogueira.wdm.GithubWDMPageTest2" name="checkDescription" time="6.603"/>
</testsuite> <!-- com.eliasnogueira.wdm.GithubWDMPageTest2 -->
